#
# There is insufficient memory for the Java Runtime Environment to continue.
# Native memory allocation (mmap) failed to map 131072000 bytes for committing reserved memory.
# Possible reasons:
#   The system is out of physical RAM or swap space
#   In 32 bit mode, the process size limit was hit
# Possible solutions:
#   Reduce memory load on the system
#   Increase physical memory or swap space
#   Check if swap backing store is full
#   Use 64 bit Java on a 64 bit OS
#   Decrease Java heap size (-Xmx/-Xms)
#   Decrease number of Java threads
#   Decrease Java thread stack sizes (-Xss)
#   Set larger code cache with -XX:ReservedCodeCacheSize=
# This output file may be truncated or incomplete.
#
#  Out of Memory Error (os_linux.cpp:2643), pid=23256, tid=0x00007f1815bff700
#
# JRE version: OpenJDK Runtime Environment (8.0_151-b12) (build 1.8.0_151-8u151-b12-0ubuntu0.17.10.2-b12)
# Java VM: OpenJDK 64-Bit Server VM (25.151-b12 mixed mode linux-amd64 compressed oops)
# Failed to write core dump. Core dumps have been disabled. To enable core dumping, try "ulimit -c unlimited" before starting Java again
#

---------------  T H R E A D  ---------------

Current thread (0x00007f1828078000):  VMThread [stack: 0x00007f1815aff000,0x00007f1815c00000] [id=23284]

Stack: [0x00007f1815aff000,0x00007f1815c00000],  sp=0x00007f1815bfe460,  free space=1021k
Native frames: (J=compiled Java code, j=interpreted, Vv=VM code, C=native code)
V  [libjvm.so+0xaa61a2]
V  [libjvm.so+0x4d6d87]
V  [libjvm.so+0x8e2760]
V  [libjvm.so+0x8dcdce]
V  [libjvm.so+0x95cc36]
V  [libjvm.so+0x95dfa8]
V  [libjvm.so+0x95a5a6]
V  [libjvm.so+0x952cf9]
V  [libjvm.so+0x452ca3]
V  [libjvm.so+0xaa7301]
V  [libjvm.so+0xaac8e6]
V  [libjvm.so+0xaaac65]
V  [libjvm.so+0xaab5dd]
V  [libjvm.so+0xaab9b7]
V  [libjvm.so+0x8dfcb2]

VM_Operation (0x00007f182ef5c4c0): CollectForMetadataAllocation, mode: safepoint, requested by thread 0x00007f182800a800


---------------  P R O C E S S  ---------------

Java Threads: ( => current thread )
  0x00007f18280c3000 JavaThread "Service Thread" daemon [_thread_blocked, id=23291, stack(0x00007f18148b5000,0x00007f18149b6000)]
  0x00007f18280b3800 JavaThread "C1 CompilerThread2" daemon [_thread_blocked, id=23290, stack(0x00007f18149b6000,0x00007f1814ab7000)]
  0x00007f18280b1800 JavaThread "C2 CompilerThread1" daemon [_thread_in_native, id=23289, stack(0x00007f1814ab7000,0x00007f1814bb8000)]
  0x00007f18280af000 JavaThread "C2 CompilerThread0" daemon [_thread_blocked, id=23288, stack(0x00007f1814bb8000,0x00007f1814cb9000)]
  0x00007f18280ad000 JavaThread "Signal Dispatcher" daemon [_thread_blocked, id=23287, stack(0x00007f1814cb9000,0x00007f1814dba000)]
  0x00007f1828084800 JavaThread "Finalizer" daemon [_thread_blocked, id=23286, stack(0x00007f18158fd000,0x00007f18159fe000)]
  0x00007f1828080000 JavaThread "Reference Handler" daemon [_thread_blocked, id=23285, stack(0x00007f18159fe000,0x00007f1815aff000)]
  0x00007f182800a800 JavaThread "main" [_thread_blocked, id=23279, stack(0x00007f182ee62000,0x00007f182ef63000)]

Other Threads:
=>0x00007f1828078000 VMThread [stack: 0x00007f1815aff000,0x00007f1815c00000] [id=23284]
  0x00007f18280c5800 WatcherThread [stack: 0x00007f18147b4000,0x00007f18148b5000] [id=23292]

VM state:at safepoint (normal execution)

VM Mutex/Monitor currently owned by a thread:  ([mutex/lock_event])
[0x00007f1828007140] Threads_lock - owner thread: 0x00007f1828078000
[0x00007f1828007640] Heap_lock - owner thread: 0x00007f182800a800

Heap:
 PSYoungGen      total 137216K, used 12277K [0x00000000d6f80000, 0x00000000e0380000, 0x0000000100000000)
  eden space 124928K, 0% used [0x00000000d6f80000,0x00000000d6f80000,0x00000000de980000)
  from space 12288K, 99% used [0x00000000de980000,0x00000000df57d488,0x00000000df580000)
  to   space 10240K, 0% used [0x00000000df580000,0x00000000df580000,0x00000000dff80000)
 ParOldGen       total 84992K, used 10591K [0x0000000084e00000, 0x000000008a100000, 0x00000000d6f80000)
  object space 84992K, 12% used [0x0000000084e00000,0x0000000085857ee8,0x000000008a100000)
 Metaspace       used 20621K, capacity 21192K, committed 21296K, reserved 1069056K
  class space    used 2367K, capacity 2583K, committed 2608K, reserved 1048576K

Card table byte_map: [0x00007f1818025000,0x00007f18183ff000] byte_map_base: 0x00007f1817bfe000

Marking Bits: (ParMarkBitMap*) 0x00007f182e1120e0
 Begin Bits: [0x00007f180c270000, 0x00007f180e138000)
 End Bits:   [0x00007f180e138000, 0x00007f1810000000)

Polling page: 0x00007f182ef81000

CodeCache: size=245760Kb used=12314Kb max_used=13328Kb free=233445Kb
 bounds [0x00007f18187bf000, 0x00007f18194cf000, 0x00007f18277bf000]
 total_blobs=3940 nmethods=3589 adapters=263
 compilation: enabled

Compilation events (10 events):
Event: 6,451 Thread 0x00007f18280b3800 3895       2       java.util.zip.ZipCoder::get (9 bytes)
Event: 6,451 Thread 0x00007f18280b3800 nmethod 3895 0x00007f1818ab8bd0 code [0x00007f1818ab8d40, 0x00007f1818ab8f28]
Event: 6,451 Thread 0x00007f18280b3800 3896       2       java.util.zip.ZipCoder::<init> (27 bytes)
Event: 6,451 Thread 0x00007f18280b3800 nmethod 3896 0x00007f1818a96a50 code [0x00007f1818a96bc0, 0x00007f1818a96d88]
Event: 6,452 Thread 0x00007f18280b3800 3899       2       java.lang.Exception::<init> (6 bytes)
Event: 6,453 Thread 0x00007f18280b3800 nmethod 3899 0x00007f1818d50b50 code [0x00007f1818d50cc0, 0x00007f1818d51088]
Event: 6,456 Thread 0x00007f18280b3800 3900       2       org.eclipse.sisu.space.Streams::open (26 bytes)
Event: 6,456 Thread 0x00007f18280b3800 nmethod 3900 0x00007f1818dba850 code [0x00007f1818dba9c0, 0x00007f1818dbab58]
Event: 6,456 Thread 0x00007f18280b3800 3901       1       sun.reflect.generics.scope.AbstractScope::getRecvr (5 bytes)
Event: 6,456 Thread 0x00007f18280b3800 nmethod 3901 0x00007f1818a06890 code [0x00007f1818a069e0, 0x00007f1818a06af0]

GC Heap History (10 events):
Event: 1,590 GC heap after
Heap after GC invocations=2 (full 0):
 PSYoungGen      total 36864K, used 5095K [0x00000000d6f80000, 0x00000000db780000, 0x0000000100000000)
  eden space 31744K, 0% used [0x00000000d6f80000,0x00000000d6f80000,0x00000000d8e80000)
  from space 5120K, 99% used [0x00000000d9380000,0x00000000d9879f88,0x00000000d9880000)
  to   space 5120K, 0% used [0x00000000d8e80000,0x00000000d8e80000,0x00000000d9380000)
 ParOldGen       total 84992K, used 622K [0x0000000084e00000, 0x000000008a100000, 0x00000000d6f80000)
  object space 84992K, 0% used [0x0000000084e00000,0x0000000084e9bbf0,0x000000008a100000)
 Metaspace       used 10709K, capacity 10878K, committed 11008K, reserved 1058816K
  class space    used 1313K, capacity 1411K, committed 1536K, reserved 1048576K
}
Event: 2,163 GC heap before
{Heap before GC invocations=3 (full 0):
 PSYoungGen      total 36864K, used 36839K [0x00000000d6f80000, 0x00000000db780000, 0x0000000100000000)
  eden space 31744K, 100% used [0x00000000d6f80000,0x00000000d8e80000,0x00000000d8e80000)
  from space 5120K, 99% used [0x00000000d9380000,0x00000000d9879f88,0x00000000d9880000)
  to   space 5120K, 0% used [0x00000000d8e80000,0x00000000d8e80000,0x00000000d9380000)
 ParOldGen       total 84992K, used 622K [0x0000000084e00000, 0x000000008a100000, 0x00000000d6f80000)
  object space 84992K, 0% used [0x0000000084e00000,0x0000000084e9bbf0,0x000000008a100000)
 Metaspace       used 13565K, capacity 13754K, committed 14080K, reserved 1060864K
  class space    used 1673K, capacity 1767K, committed 1792K, reserved 1048576K
Event: 2,173 GC heap after
Heap after GC invocations=3 (full 0):
 PSYoungGen      total 36864K, used 5094K [0x00000000d6f80000, 0x00000000db780000, 0x0000000100000000)
  eden space 31744K, 0% used [0x00000000d6f80000,0x00000000d6f80000,0x00000000d8e80000)
  from space 5120K, 99% used [0x00000000d8e80000,0x00000000d9379b70,0x00000000d9380000)
  to   space 5120K, 0% used [0x00000000db280000,0x00000000db280000,0x00000000db780000)
 ParOldGen       total 84992K, used 1196K [0x0000000084e00000, 0x000000008a100000, 0x00000000d6f80000)
  object space 84992K, 1% used [0x0000000084e00000,0x0000000084f2b3a8,0x000000008a100000)
 Metaspace       used 13565K, capacity 13754K, committed 14080K, reserved 1060864K
  class space    used 1673K, capacity 1767K, committed 1792K, reserved 1048576K
}
Event: 2,906 GC heap before
{Heap before GC invocations=4 (full 0):
 PSYoungGen      total 36864K, used 36838K [0x00000000d6f80000, 0x00000000db780000, 0x0000000100000000)
  eden space 31744K, 100% used [0x00000000d6f80000,0x00000000d8e80000,0x00000000d8e80000)
  from space 5120K, 99% used [0x00000000d8e80000,0x00000000d9379b70,0x00000000d9380000)
  to   space 5120K, 0% used [0x00000000db280000,0x00000000db280000,0x00000000db780000)
 ParOldGen       total 84992K, used 1196K [0x0000000084e00000, 0x000000008a100000, 0x00000000d6f80000)
  object space 84992K, 1% used [0x0000000084e00000,0x0000000084f2b3a8,0x000000008a100000)
 Metaspace       used 15781K, capacity 15950K, committed 16128K, reserved 1062912K
  class space    used 1898K, capacity 1972K, committed 2048K, reserved 1048576K
Event: 2,923 GC heap after
Heap after GC invocations=4 (full 0):
 PSYoungGen      total 68608K, used 5088K [0x00000000d6f80000, 0x00000000db780000, 0x0000000100000000)
  eden space 63488K, 0% used [0x00000000d6f80000,0x00000000d6f80000,0x00000000dad80000)
  from space 5120K, 99% used [0x00000000db280000,0x00000000db778020,0x00000000db780000)
  to   space 5120K, 0% used [0x00000000dad80000,0x00000000dad80000,0x00000000db280000)
 ParOldGen       total 84992K, used 3030K [0x0000000084e00000, 0x000000008a100000, 0x00000000d6f80000)
  object space 84992K, 3% used [0x0000000084e00000,0x00000000850f59c8,0x000000008a100000)
 Metaspace       used 15781K, capacity 15950K, committed 16128K, reserved 1062912K
  class space    used 1898K, capacity 1972K, committed 2048K, reserved 1048576K
}
Event: 3,812 GC heap before
{Heap before GC invocations=5 (full 0):
 PSYoungGen      total 68608K, used 68576K [0x00000000d6f80000, 0x00000000db780000, 0x0000000100000000)
  eden space 63488K, 100% used [0x00000000d6f80000,0x00000000dad80000,0x00000000dad80000)
  from space 5120K, 99% used [0x00000000db280000,0x00000000db778020,0x00000000db780000)
  to   space 5120K, 0% used [0x00000000dad80000,0x00000000dad80000,0x00000000db280000)
 ParOldGen       total 84992K, used 3030K [0x0000000084e00000, 0x000000008a100000, 0x00000000d6f80000)
  object space 84992K, 3% used [0x0000000084e00000,0x00000000850f59c8,0x000000008a100000)
 Metaspace       used 18147K, capacity 18640K, committed 18816K, reserved 1064960K
  class space    used 2145K, capacity 2316K, committed 2432K, reserved 1048576K
Event: 3,835 GC heap after
Heap after GC invocations=5 (full 0):
 PSYoungGen      total 68608K, used 5104K [0x00000000d6f80000, 0x00000000dff80000, 0x0000000100000000)
  eden space 63488K, 0% used [0x00000000d6f80000,0x00000000d6f80000,0x00000000dad80000)
  from space 5120K, 99% used [0x00000000dad80000,0x00000000db27c010,0x00000000db280000)
  to   space 10240K, 0% used [0x00000000df580000,0x00000000df580000,0x00000000dff80000)
 ParOldGen       total 84992K, used 8164K [0x0000000084e00000, 0x000000008a100000, 0x00000000d6f80000)
  object space 84992K, 9% used [0x0000000084e00000,0x00000000855f92e0,0x000000008a100000)
 Metaspace       used 18147K, capacity 18640K, committed 18816K, reserved 1064960K
  class space    used 2145K, capacity 2316K, committed 2432K, reserved 1048576K
}
Event: 5,086 GC heap before
{Heap before GC invocations=6 (full 0):
 PSYoungGen      total 68608K, used 68592K [0x00000000d6f80000, 0x00000000dff80000, 0x0000000100000000)
  eden space 63488K, 100% used [0x00000000d6f80000,0x00000000dad80000,0x00000000dad80000)
  from space 5120K, 99% used [0x00000000dad80000,0x00000000db27c010,0x00000000db280000)
  to   space 10240K, 0% used [0x00000000df580000,0x00000000df580000,0x00000000dff80000)
 ParOldGen       total 84992K, used 8164K [0x0000000084e00000, 0x000000008a100000, 0x00000000d6f80000)
  object space 84992K, 9% used [0x0000000084e00000,0x00000000855f92e0,0x000000008a100000)
 Metaspace       used 19095K, capacity 19612K, committed 19840K, reserved 1067008K
  class space    used 2236K, capacity 2402K, committed 2432K, reserved 1048576K
Event: 5,111 GC heap after
Heap after GC invocations=6 (full 0):
 PSYoungGen      total 135168K, used 10211K [0x00000000d6f80000, 0x00000000e0380000, 0x0000000100000000)
  eden space 124928K, 0% used [0x00000000d6f80000,0x00000000d6f80000,0x00000000de980000)
  from space 10240K, 99% used [0x00000000df580000,0x00000000dff78f08,0x00000000dff80000)
  to   space 12288K, 0% used [0x00000000de980000,0x00000000de980000,0x00000000df580000)
 ParOldGen       total 84992K, used 9015K [0x0000000084e00000, 0x000000008a100000, 0x00000000d6f80000)
  object space 84992K, 10% used [0x0000000084e00000,0x00000000856cdc38,0x000000008a100000)
 Metaspace       used 19095K, capacity 19612K, committed 19840K, reserved 1067008K
  class space    used 2236K, capacity 2402K, committed 2432K, reserved 1048576K
}
Event: 6,466 GC heap before
{Heap before GC invocations=7 (full 0):
 PSYoungGen      total 135168K, used 74827K [0x00000000d6f80000, 0x00000000e0380000, 0x0000000100000000)
  eden space 124928K, 51% used [0x00000000d6f80000,0x00000000dae99fa0,0x00000000de980000)
  from space 10240K, 99% used [0x00000000df580000,0x00000000dff78f08,0x00000000dff80000)
  to   space 12288K, 0% used [0x00000000de980000,0x00000000de980000,0x00000000df580000)
 ParOldGen       total 84992K, used 9015K [0x0000000084e00000, 0x000000008a100000, 0x00000000d6f80000)
  object space 84992K, 10% used [0x0000000084e00000,0x00000000856cdc38,0x000000008a100000)
 Metaspace       used 20621K, capacity 21192K, committed 21296K, reserved 1069056K
  class space    used 2367K, capacity 2583K, committed 2608K, reserved 1048576K

Deoptimization events (10 events):
Event: 6,272 Thread 0x00007f182800a800 Uncommon trap: reason=class_check action=maybe_recompile pc=0x00007f18190c59b4 method=java.util.Hashtable.put(Ljava/lang/Object;Ljava/lang/Object;)Ljava/lang/Object; @ 18
Event: 6,273 Thread 0x00007f182800a800 Uncommon trap: reason=class_check action=maybe_recompile pc=0x00007f18190c59b4 method=java.util.Hashtable.put(Ljava/lang/Object;Ljava/lang/Object;)Ljava/lang/Object; @ 18
Event: 6,273 Thread 0x00007f182800a800 Uncommon trap: reason=class_check action=maybe_recompile pc=0x00007f18190c59b4 method=java.util.Hashtable.put(Ljava/lang/Object;Ljava/lang/Object;)Ljava/lang/Object; @ 18
Event: 6,273 Thread 0x00007f182800a800 Uncommon trap: reason=class_check action=maybe_recompile pc=0x00007f18190c59b4 method=java.util.Hashtable.put(Ljava/lang/Object;Ljava/lang/Object;)Ljava/lang/Object; @ 18
Event: 6,274 Thread 0x00007f182800a800 Uncommon trap: reason=class_check action=maybe_recompile pc=0x00007f1819105aa0 method=java.util.Hashtable.get(Ljava/lang/Object;)Ljava/lang/Object; @ 6
Event: 6,274 Thread 0x00007f182800a800 Uncommon trap: reason=class_check action=maybe_recompile pc=0x00007f1819105aa0 method=java.util.Hashtable.get(Ljava/lang/Object;)Ljava/lang/Object; @ 6
Event: 6,281 Thread 0x00007f182800a800 Uncommon trap: reason=class_check action=maybe_recompile pc=0x00007f1819105aa0 method=java.util.Hashtable.get(Ljava/lang/Object;)Ljava/lang/Object; @ 6
Event: 6,281 Thread 0x00007f182800a800 Uncommon trap: reason=class_check action=maybe_recompile pc=0x00007f1819105aa0 method=java.util.Hashtable.get(Ljava/lang/Object;)Ljava/lang/Object; @ 6
Event: 6,285 Thread 0x00007f182800a800 Uncommon trap: reason=unstable_if action=reinterpret pc=0x00007f1818ae91e0 method=java.lang.CharacterDataLatin1.isWhitespace(I)Z @ 14
Event: 6,382 Thread 0x00007f182800a800 Uncommon trap: reason=unstable_if action=reinterpret pc=0x00007f1818dfa864 method=java.util.LinkedHashMap.get(Ljava/lang/Object;)Ljava/lang/Object; @ 20

Internal exceptions (10 events):
Event: 2,451 Thread 0x00007f182800a800 Exception <a 'java/lang/NullPointerException'> (0x00000000d7b42508) thrown at [/build/openjdk-8-bnv6fG/openjdk-8-8u151-b12/src/hotspot/src/share/vm/interpreter/linkResolver.cpp, line 1183]
Event: 2,451 Thread 0x00007f182800a800 Exception <a 'java/lang/NullPointerException'> (0x00000000d7b42720) thrown at [/build/openjdk-8-bnv6fG/openjdk-8-8u151-b12/src/hotspot/src/share/vm/interpreter/linkResolver.cpp, line 1183]
Event: 2,451 Thread 0x00007f182800a800 Exception <a 'java/lang/NullPointerException'> (0x00000000d7b42938) thrown at [/build/openjdk-8-bnv6fG/openjdk-8-8u151-b12/src/hotspot/src/share/vm/interpreter/linkResolver.cpp, line 1183]
Event: 2,452 Thread 0x00007f182800a800 Exception <a 'java/lang/NullPointerException'> (0x00000000d7b4ae80) thrown at [/build/openjdk-8-bnv6fG/openjdk-8-8u151-b12/src/hotspot/src/share/vm/interpreter/linkResolver.cpp, line 1183]
Event: 2,452 Thread 0x00007f182800a800 Exception <a 'java/lang/NullPointerException'> (0x00000000d7b4b098) thrown at [/build/openjdk-8-bnv6fG/openjdk-8-8u151-b12/src/hotspot/src/share/vm/interpreter/linkResolver.cpp, line 1183]
Event: 2,452 Thread 0x00007f182800a800 Exception <a 'java/lang/NullPointerException'> (0x00000000d7b4b2b0) thrown at [/build/openjdk-8-bnv6fG/openjdk-8-8u151-b12/src/hotspot/src/share/vm/interpreter/linkResolver.cpp, line 1183]
Event: 3,666 Thread 0x00007f182800a800 Exception <a 'java/lang/NoClassDefFoundError': com/google/inject/ConfigurationException> (0x00000000da224058) thrown at [/build/openjdk-8-bnv6fG/openjdk-8-8u151-b12/src/hotspot/src/share/vm/classfile/systemDictionary.cpp, line 199]
Event: 4,058 Thread 0x00007f182800a800 Implicit null exception at 0x00007f18190f5345 to 0x00007f18190f5ded
Event: 4,103 Thread 0x00007f182800a800 Implicit null exception at 0x00007f1818b55075 to 0x00007f1818b5527d
Event: 4,103 Thread 0x00007f182800a800 Implicit null exception at 0x00007f1818af3aef to 0x00007f1818af3b59

Events (10 events):
Event: 6,458 loading class org/apache/maven/doxia/siterenderer/RendererException done
Event: 6,458 loading class org/apache/maven/doxia/siterenderer/RendererException
Event: 6,458 loading class org/apache/maven/doxia/siterenderer/RendererException done
Event: 6,459 loading class org/apache/maven/doxia/sink/Sink
Event: 6,459 loading class org/apache/maven/doxia/sink/Sink done
Event: 6,459 loading class org/apache/maven/doxia/sink/Sink
Event: 6,459 loading class org/apache/maven/doxia/sink/Sink done
Event: 6,459 loading class org/apache/maven/doxia/sink/Sink
Event: 6,459 loading class org/apache/maven/doxia/sink/Sink done
Event: 6,462 Executing VM operation: CollectForMetadataAllocation


Dynamic libraries:
84e00000-8a100000 rw-p 00000000 00:00 0 
8a100000-d6f80000 ---p 00000000 00:00 0 
d6f80000-e0380000 rw-p 00000000 00:00 0 
e8080000-100000000 ---p 00000000 00:00 0 
100000000-10028c000 rw-p 00000000 00:00 0 
10028c000-140000000 ---p 00000000 00:00 0 
55c61e938000-55c61e939000 r-xp 00000000 08:02 1967607                    /usr/lib/jvm/java-8-openjdk-amd64/jre/bin/java
55c61eb38000-55c61eb39000 r--p 00000000 08:02 1967607                    /usr/lib/jvm/java-8-openjdk-amd64/jre/bin/java
55c61eb39000-55c61eb3a000 rw-p 00001000 08:02 1967607                    /usr/lib/jvm/java-8-openjdk-amd64/jre/bin/java
55c61fb12000-55c61fb33000 rw-p 00000000 00:00 0                          [heap]
7f17d8000000-7f17d8021000 rw-p 00000000 00:00 0 
7f17d8021000-7f17dc000000 ---p 00000000 00:00 0 
7f17dc000000-7f17dc021000 rw-p 00000000 00:00 0 
7f17dc021000-7f17e0000000 ---p 00000000 00:00 0 
7f17e0000000-7f17e170f000 rw-p 00000000 00:00 0 
7f17e170f000-7f17e4000000 ---p 00000000 00:00 0 
7f17e4000000-7f17e4c96000 rw-p 00000000 00:00 0 
7f17e4c96000-7f17e8000000 ---p 00000000 00:00 0 
7f17e8000000-7f17e8021000 rw-p 00000000 00:00 0 
7f17e8021000-7f17ec000000 ---p 00000000 00:00 0 
7f17ec000000-7f17ecd34000 rw-p 00000000 00:00 0 
7f17ecd34000-7f17f0000000 ---p 00000000 00:00 0 
7f17f0000000-7f17f0021000 rw-p 00000000 00:00 0 
7f17f0021000-7f17f4000000 ---p 00000000 00:00 0 
7f17f4000000-7f17f4021000 rw-p 00000000 00:00 0 
7f17f4021000-7f17f8000000 ---p 00000000 00:00 0 
7f17f8000000-7f17f8021000 rw-p 00000000 00:00 0 
7f17f8021000-7f17fc000000 ---p 00000000 00:00 0 
7f17fc000000-7f17fc021000 rw-p 00000000 00:00 0 
7f17fc021000-7f1800000000 ---p 00000000 00:00 0 
7f1800000000-7f1800021000 rw-p 00000000 00:00 0 
7f1800021000-7f1804000000 ---p 00000000 00:00 0 
7f1807735000-7f1807739000 r--s 0001f000 08:02 7473765                    /home/sv/.m2/repository/org/jacoco/org.jacoco.report/0.7.5.201505241946/org.jacoco.report-0.7.5.201505241946.jar
7f1807739000-7f180773e000 r--s 00058000 08:02 7473763                    /home/sv/.m2/repository/org/ow2/asm/asm-debug-all/5.0.1/asm-debug-all-5.0.1.jar
7f180773e000-7f1807742000 r--s 0001d000 08:02 7473762                    /home/sv/.m2/repository/org/jacoco/org.jacoco.core/0.7.5.201505241946/org.jacoco.core-0.7.5.201505241946.jar
7f1807742000-7f1807748000 r--s 00041000 08:02 7473761                    /home/sv/.m2/repository/org/jacoco/org.jacoco.agent/0.7.5.201505241946/org.jacoco.agent-0.7.5.201505241946-runtime.jar
7f1807748000-7f180774d000 r--s 00016000 08:02 7473756                    /home/sv/.m2/repository/xml-apis/xml-apis/1.0.b2/xml-apis-1.0.b2.jar
7f180774d000-7f180774f000 r--s 0000e000 08:02 6687714                    /home/sv/.m2/repository/oro/oro/2.0.8/oro-2.0.8.jar
7f180774f000-7f1807753000 r--s 00026000 08:02 7473754                    /home/sv/.m2/repository/commons-digester/commons-digester/1.6/commons-digester-1.6.jar
7f1807753000-7f1807758000 r--s 0002a000 08:02 7473753                    /home/sv/.m2/repository/commons-beanutils/commons-beanutils/1.7.0/commons-beanutils-1.7.0.jar
7f1807758000-7f180775b000 r--s 00014000 08:02 7473748                    /home/sv/.m2/repository/commons-validator/commons-validator/1.2.0/commons-validator-1.2.0.jar
7f180775b000-7f180779b000 rw-p 00000000 00:00 0 
7f180779b000-7f180795b000 ---p 00000000 00:00 0 
7f180795b000-7f1807b5b000 rw-p 00000000 00:00 0 
7f1807b5b000-7f1807b5d000 r--s 00008000 08:02 7473755                    /home/sv/.m2/repository/commons-logging/commons-logging/1.0.4/commons-logging-1.0.4.jar
7f1807b5d000-7f1807b6a000 r--s 0007f000 08:02 6687733                    /home/sv/.m2/repository/commons-collections/commons-collections/3.2/commons-collections-3.2.jar
7f1807b6a000-7f1807b72000 r--s 00058000 08:02 6687726                    /home/sv/.m2/repository/org/apache/velocity/velocity/1.5/velocity-1.5.jar
7f1807b72000-7f1807b73000 r--s 00001000 08:02 6687725                    /home/sv/.m2/repository/org/codehaus/plexus/plexus-velocity/1.1.7/plexus-velocity-1.1.7.jar
7f1807b73000-7f1807b74000 r--s 00002000 08:02 6687724                    /home/sv/.m2/repository/org/codehaus/plexus/plexus-i18n/1.0-beta-7/plexus-i18n-1.0-beta-7.jar
7f1807b74000-7f1807b76000 r--s 00008000 08:02 7473747                    /home/sv/.m2/repository/org/apache/maven/doxia/doxia-module-fml/1.1.2/doxia-module-fml-1.1.2.jar
7f1807b76000-7f1807b77000 r--s 00003000 08:02 7473746                    /home/sv/.m2/repository/org/apache/maven/doxia/doxia-module-xhtml/1.1.2/doxia-module-xhtml-1.1.2.jar
7f1807b77000-7f1807b79000 r--s 0000b000 08:02 7473745                    /home/sv/.m2/repository/org/apache/maven/doxia/doxia-decoration-model/1.1.2/doxia-decoration-model-1.1.2.jar
7f1807b79000-7f1807b7b000 r--s 0000b000 08:02 7473740                    /home/sv/.m2/repository/org/apache/maven/doxia/doxia-site-renderer/1.1.2/doxia-site-renderer-1.1.2.jar
7f1807b7b000-7f1807b7d000 r--s 00006000 08:02 6687745                    /home/sv/.m2/repository/commons-codec/commons-codec/1.2/commons-codec-1.2.jar
7f1807b7d000-7f1807b83000 r--s 00045000 08:02 7473738                    /home/sv/.m2/repository/commons-httpclient/commons-httpclient/3.1/commons-httpclient-3.1.jar
7f1807b83000-7f1807b87000 r--s 0003c000 08:02 7473234                    /home/sv/.m2/repository/commons-lang/commons-lang/2.4/commons-lang-2.4.jar
7f1807b87000-7f1807b9e000 r--s 00112000 08:02 7473737                    /home/sv/.m2/repository/xerces/xercesImpl/2.8.1/xercesImpl-2.8.1.jar
7f1807b9e000-7f1807ba2000 r--s 00023000 08:02 7473736                    /home/sv/.m2/repository/org/apache/maven/doxia/doxia-core/1.1.2/doxia-core-1.1.2.jar
7f1807ba2000-7f1807ba4000 r--s 00003000 08:02 7473735                    /home/sv/.m2/repository/org/apache/maven/reporting/maven-reporting-impl/2.1/maven-reporting-impl-2.1.jar
7f1807ba4000-7f1807ba5000 r--s 00002000 08:02 6687438                    /home/sv/.m2/repository/org/apache/maven/doxia/doxia-logging-api/1.1/doxia-logging-api-1.1.jar
7f1807ba5000-7f1807ba7000 r--s 00002000 08:02 6687436                    /home/sv/.m2/repository/org/apache/maven/doxia/doxia-sink-api/1.1/doxia-sink-api-1.1.jar
7f1807ba7000-7f1807ba8000 r--s 00002000 08:02 6687435                    /home/sv/.m2/repository/org/apache/maven/reporting/maven-reporting-api/2.2.1/maven-reporting-api-2.2.1.jar
7f1807ba8000-7f1807baa000 r--s 00008000 08:02 7473728                    /home/sv/.m2/repository/org/apache/maven/shared/maven-shared-io/1.1/maven-shared-io-1.1.jar
7f1807baa000-7f1807bac000 r--s 00008000 08:02 7473726                    /home/sv/.m2/repository/org/apache/maven/shared/file-management/1.2.1/file-management-1.2.1.jar
7f1807bac000-7f1807bb1000 r--s 00039000 08:02 6687743                    /home/sv/.m2/repository/org/codehaus/plexus/plexus-utils/1.5.6/plexus-utils-1.5.6.jar
7f1807bb1000-7f1807bb7000 r--s 00034000 08:02 7473724                    /home/sv/.m2/repository/junit/junit/4.8.2/junit-4.8.2.jar
7f1807bb7000-7f1807bb9000 r--s 0000b000 08:02 6687466                    /home/sv/.m2/repository/org/codehaus/plexus/plexus-interpolation/1.11/plexus-interpolation-1.11.jar
7f1807bb9000-7f1807bc1000 r--s 00049000 08:02 6687456                    /home/sv/.m2/repository/backport-util-concurrent/backport-util-concurrent/3.1/backport-util-concurrent-3.1.jar
7f1807bc1000-7f1807bc4000 r--s 00015000 08:02 1968201                    /usr/lib/jvm/java-8-openjdk-amd64/jre/lib/jce.jar
7f1807bc4000-7f1807bc6000 r--s 0000b000 08:02 7473492                    /home/sv/.m2/repository/org/jacoco/jacoco-maven-plugin/0.7.5.201505241946/jacoco-maven-plugin-0.7.5.201505241946.jar
7f1807bc6000-7f1807bc8000 r--s 00000000 08:02 6687011                    /home/sv/.m2/repository/org/codehaus/plexus/plexus-component-annotations/1.5.5/plexus-component-annotations-1.5.5.jar
7f1807bc8000-7f1807bd4000 r--s 0006b000 08:02 6687010                    /home/sv/.m2/repository/org/sonatype/sisu/sisu-guice/2.9.4/sisu-guice-2.9.4-no_aop.jar
7f1807bd4000-7f1807bda000 r--s 00033000 08:02 6687007                    /home/sv/.m2/repository/org/sonatype/sisu/sisu-inject-bean/2.1.1/sisu-inject-bean-2.1.1.jar
7f1807bda000-7f1807bdc000 r--s 0000d000 08:02 6687003                    /home/sv/.m2/repository/org/codehaus/plexus/plexus-interpolation/1.14/plexus-interpolation-1.14.jar
7f1807bdc000-7f1807bdd000 r--s 00001000 08:02 6686998                    /home/sv/.m2/repository/uk/co/froot/maven/enforcer/digest-enforcer-rules/0.0.1/digest-enforcer-rules-0.0.1.jar
7f1807bdd000-7f1807bde000 r--s 00002000 08:02 6687053                    /home/sv/.m2/repository/org/codehaus/plexus/plexus-i18n/1.0-beta-6/plexus-i18n-1.0-beta-6.jar
7f1807bde000-7f1807be0000 r--s 00007000 08:02 6687054                    /home/sv/.m2/repository/org/apache/maven/shared/maven-dependency-tree/1.2/maven-dependency-tree-1.2.jar
7f1807be0000-7f1807be5000 r--s 00040000 08:02 6687048                    /home/sv/.m2/repository/org/beanshell/bsh/2.0b4/bsh-2.0b4.jar
7f1807be5000-7f1807be7000 r--s 00006000 08:02 6687047                    /home/sv/.m2/repository/org/apache/maven/shared/maven-common-artifact-filters/1.2/maven-common-artifact-filters-1.2.jar
7f1807be7000-7f1807be9000 r--s 0000d000 08:02 4459505                    /home/sv/.m2/repository/org/apache/maven/enforcer/enforcer-rules/1.0/enforcer-rules-1.0.jar
7f1807be9000-7f1807bed000 r--s 00038000 08:02 6687046                    /home/sv/.m2/repository/commons-lang/commons-lang/2.3/commons-lang-2.3.jar
7f1807bed000-7f1807ded000 rw-p 00000000 00:00 0 
7f1807ded000-7f1807dfe000 r-xp 00000000 08:02 1967648                    /usr/lib/jvm/java-8-openjdk-amd64/jre/lib/amd64/libnio.so
7f1807dfe000-7f1807ffe000 ---p 00011000 08:02 1967648                    /usr/lib/jvm/java-8-openjdk-amd64/jre/lib/amd64/libnio.so
7f1807ffe000-7f1807fff000 r--p 00011000 08:02 1967648                    /usr/lib/jvm/java-8-openjdk-amd64/jre/lib/amd64/libnio.so
7f1807fff000-7f1808000000 rw-p 00012000 08:02 1967648                    /usr/lib/jvm/java-8-openjdk-amd64/jre/lib/amd64/libnio.so
7f1808000000-7f1808021000 rw-p 00000000 00:00 0 
7f1808021000-7f180c000000 ---p 00000000 00:00 0 
7f180c000000-7f180c001000 r--s 00002000 08:02 4459503                    /home/sv/.m2/repository/org/apache/maven/enforcer/enforcer-api/1.0/enforcer-api-1.0.jar
7f180c001000-7f180c006000 r--s 0003d000 08:02 6687042                    /home/sv/.m2/repository/org/codehaus/plexus/plexus-utils/1.5.8/plexus-utils-1.5.8.jar
7f180c006000-7f180c008000 r--s 00002000 08:02 6687038                    /home/sv/.m2/repository/org/codehaus/plexus/plexus-interactivity-api/1.0-alpha-4/plexus-interactivity-api-1.0-alpha-4.jar
7f180c008000-7f180c00a000 r--s 00006000 08:02 6687033                    /home/sv/.m2/repository/commons-cli/commons-cli/1.0/commons-cli-1.0.jar
7f180c00a000-7f180c00b000 r--s 00002000 08:02 6687028                    /home/sv/.m2/repository/org/apache/maven/doxia/doxia-sink-api/1.0-alpha-10/doxia-sink-api-1.0-alpha-10.jar
7f180c00b000-7f180c00c000 r--s 00002000 08:02 6687009                    /home/sv/.m2/repository/org/apache/maven/reporting/maven-reporting-api/2.0.9/maven-reporting-api-2.0.9.jar
7f180c00c000-7f180c00e000 r--s 00004000 08:02 4066397                    /home/sv/.m2/repository/org/apache/maven/plugins/maven-enforcer-plugin/1.0/maven-enforcer-plugin-1.0.jar
7f180c00e000-7f180c011000 r--s 00027000 08:02 7473945                    /home/sv/.m2/repository/org/codehaus/plexus/plexus-utils/1.1/plexus-utils-1.1.jar
7f180c011000-7f180c015000 r--s 00026000 08:02 6687469                    /home/sv/.m2/repository/org/apache/maven/shared/maven-shared-utils/0.7/maven-shared-utils-0.7.jar
7f180c015000-7f180c017000 r--s 00006000 08:02 4987665                    /home/sv/.m2/repository/org/apache/maven/plugins/maven-clean-plugin/2.6.1/maven-clean-plugin-2.6.1.jar
7f180c017000-7f180c01d000 r--s 0003d000 08:02 6686469                    /home/sv/.m2/repository/ch/qos/logback/logback-classic/1.1.2/logback-classic-1.1.2.jar
7f180c01d000-7f180c027000 r--s 0005f000 08:02 6686413                    /home/sv/.m2/repository/ch/qos/logback/logback-core/1.1.2/logback-core-1.1.2.jar
7f180c027000-7f180c029000 r--s 0000d000 08:02 6686424                    /home/sv/.m2/repository/org/codehaus/plexus/plexus-interpolation/1.15/plexus-interpolation-1.15.jar
7f180c029000-7f180c02d000 r--s 00035000 08:02 6686462                    /home/sv/.m2/repository/org/codehaus/plexus/plexus-utils/3.0.8/plexus-utils-3.0.8.jar
7f180c02d000-7f180c02f000 r--s 0000b000 08:02 6686447                    /home/sv/.m2/repository/org/fusesource/hawtbuf/hawtbuf/1.9/hawtbuf-1.9.jar
7f180c02f000-7f180c030000 r--s 00006000 08:02 6162148                    /home/sv/.m2/repository/org/fusesource/hawtbuf/hawtbuf-proto/1.9/hawtbuf-proto-1.9.jar
7f180c030000-7f180c034000 r--s 0001a000 08:02 6686434                    /home/sv/.m2/repository/org/sonatype/spice/zapper/spice-zapper/1.3/spice-zapper-1.3.jar
7f180c034000-7f180c03a000 r--s 0003f000 08:02 6686455                    /home/sv/.m2/repository/org/apache/httpcomponents/httpcore/4.3.2/httpcore-4.3.2.jar
7f180c03a000-7f180c046000 r--s 00085000 08:02 6686459                    /home/sv/.m2/repository/org/apache/httpcomponents/httpclient/4.3.5/httpclient-4.3.5.jar
7f180c046000-7f180c058000 r--s 000ce000 08:02 6686445                    /home/sv/.m2/repository/com/fasterxml/jackson/core/jackson-databind/2.3.1/jackson-databind-2.3.1.jar
7f180c058000-7f180c06f000 r-xp 00000000 08:02 1967647                    /usr/lib/jvm/java-8-openjdk-amd64/jre/lib/amd64/libnet.so
7f180c06f000-7f180c26e000 ---p 00017000 08:02 1967647                    /usr/lib/jvm/java-8-openjdk-amd64/jre/lib/amd64/libnet.so
7f180c26e000-7f180c26f000 r--p 00016000 08:02 1967647                    /usr/lib/jvm/java-8-openjdk-amd64/jre/lib/amd64/libnet.so
7f180c26f000-7f180c270000 rw-p 00017000 08:02 1967647                    /usr/lib/jvm/java-8-openjdk-amd64/jre/lib/amd64/libnet.so
7f180c270000-7f1810000000 rw-p 00000000 00:00 0 
7f1810000000-7f1810021000 rw-p 00000000 00:00 0 
7f1810021000-7f1814000000 ---p 00000000 00:00 0 
7f1814000000-7f1814002000 r--s 00003000 08:02 4987635                    /home/sv/.m2/repository/org/slf4j/jcl-over-slf4j/1.7.7/jcl-over-slf4j-1.7.7.jar
7f1814002000-7f1814008000 r--s 00033000 08:02 6686400                    /home/sv/.m2/repository/commons-codec/commons-codec/1.6/commons-codec-1.6.jar
7f1814008000-7f1814009000 r--s 00007000 08:02 6686451                    /home/sv/.m2/repository/com/fasterxml/jackson/module/jackson-module-jaxb-annotations/2.3.1/jackson-module-jaxb-annotations-2.3.1.jar
7f1814009000-7f181400a000 r--s 00006000 08:02 6686446                    /home/sv/.m2/repository/com/fasterxml/jackson/jaxrs/jackson-jaxrs-base/2.3.1/jackson-jaxrs-base-2.3.1.jar
7f181400a000-7f181400c000 r--s 00003000 08:02 6686404                    /home/sv/.m2/repository/com/fasterxml/jackson/jaxrs/jackson-jaxrs-json-provider/2.3.1/jackson-jaxrs-json-provider-2.3.1.jar
7f181400c000-7f1814010000 r--s 0002d000 08:02 6686454                    /home/sv/.m2/repository/com/fasterxml/jackson/core/jackson-core/2.3.1/jackson-core-2.3.1.jar
7f1814010000-7f1814012000 r--s 00007000 08:02 6686425                    /home/sv/.m2/repository/com/fasterxml/jackson/core/jackson-annotations/2.3.1/jackson-annotations-2.3.1.jar
7f1814012000-7f1814013000 r--s 00001000 08:02 6686433                    /home/sv/.m2/repository/org/sonatype/sisu/siesta/siesta-jackson/1.7/siesta-jackson-1.7.jar
7f1814013000-7f1814014000 r--s 00003000 08:02 6686431                    /home/sv/.m2/repository/com/sun/jersey/contribs/jersey-apache-client4/1.17.1/jersey-apache-client4-1.17.1.jar
7f1814014000-7f1814017000 r--s 0001d000 08:02 6686436                    /home/sv/.m2/repository/com/sun/jersey/jersey-client/1.17.1/jersey-client-1.17.1.jar
7f1814017000-7f181401b000 r--s 0000c000 08:02 6686397                    /home/sv/.m2/repository/javax/validation/validation-api/1.1.0.Final/validation-api-1.1.0.Final.jar
7f181401b000-7f1814026000 r--s 00068000 08:02 6686430                    /home/sv/.m2/repository/com/sun/jersey/jersey-core/1.17.1/jersey-core-1.17.1.jar
7f1814026000-7f1814028000 r--s 0000a000 08:02 6686423                    /home/sv/.m2/repository/javax/ws/rs/jsr311-api/1.1.1/jsr311-api-1.1.1.jar
7f1814028000-7f1814029000 r--s 00002000 08:02 6686438                    /home/sv/.m2/repository/org/sonatype/sisu/siesta/siesta-common/1.7/siesta-common-1.7.jar
7f1814029000-7f181402a000 r--s 00004000 08:02 6686417                    /home/sv/.m2/repository/org/sonatype/sisu/siesta/siesta-client/1.7/siesta-client-1.7.jar
7f181402a000-7f181402e000 r--s 0002f000 08:02 6686416                    /home/sv/.m2/repository/commons-beanutils/commons-beanutils-core/1.8.3/commons-beanutils-core-1.8.3.jar
7f181402e000-7f1814033000 r--s 00041000 08:02 6686415                    /home/sv/.m2/repository/commons-lang/commons-lang/2.6/commons-lang-2.6.jar
7f1814033000-7f1814043000 r--s 0007d000 08:02 6686409                    /home/sv/.m2/repository/joda-time/joda-time/2.2/joda-time-2.2.jar
7f1814043000-7f1814045000 r--s 00005000 08:02 6686408                    /home/sv/.m2/repository/xpp3/xpp3_min/1.1.4c/xpp3_min-1.1.4c.jar
7f1814045000-7f1814046000 r--s 00001000 08:02 6686406                    /home/sv/.m2/repository/xmlpull/xmlpull/1.1.3.1/xmlpull-1.1.3.1.jar
7f1814046000-7f1814053000 r--s 00075000 08:02 6686403                    /home/sv/.m2/repository/com/thoughtworks/xstream/xstream/1.4.7/xstream-1.4.7.jar
7f1814053000-7f1814057000 r--s 0002a000 08:02 6686402                    /home/sv/.m2/repository/commons-io/commons-io/2.4/commons-io-2.4.jar
7f1814057000-7f1814058000 r--s 00002000 08:02 6686399                    /home/sv/.m2/repository/com/intellij/annotations/9.0.4/annotations-9.0.4.jar
7f1814058000-7f181405a000 r--s 00006000 08:02 6686398                    /home/sv/.m2/repository/com/google/code/findbugs/jsr305/2.0.1/jsr305-2.0.1.jar
7f181405a000-7f1814060000 r--s 00022000 08:02 6686395                    /home/sv/.m2/repository/org/sonatype/nexus/plugins/nexus-restlet1x-model/2.9.1-02/nexus-restlet1x-model-2.9.1-02.jar
7f1814060000-7f1814068000 r--s 0002c000 08:02 6686393                    /home/sv/.m2/repository/org/sonatype/nexus/nexus-client-core/2.9.1-02/nexus-client-core-2.9.1-02.jar
7f1814068000-7f1814091000 r--s 001ee000 08:02 6686458                    /home/sv/.m2/repository/com/google/guava/guava/14.0.1/guava-14.0.1.jar
7f1814091000-7f1814093000 r--s 00002000 08:02 6686389                    /home/sv/.m2/repository/org/sonatype/plexus/plexus-cipher/1.7/plexus-cipher-1.7.jar
7f1814093000-7f1814094000 r--s 00006000 08:02 6294776                    /home/sv/.m2/repository/org/sonatype/plexus/plexus-sec-dispatcher/1.4/plexus-sec-dispatcher-1.4.jar
7f1814094000-7f1814095000 r--s 00003000 08:02 5899932                    /home/sv/.m2/repository/org/sonatype/nexus/maven/nexus-common/1.6.5/nexus-common-1.6.5.jar
7f1814095000-7f181409b000 r--s 00037000 08:02 4198456                    /home/sv/.m2/repository/org/sonatype/plugins/nexus-staging-maven-plugin/1.6.5/nexus-staging-maven-plugin-1.6.5.jar
7f181409b000-7f18140a0000 r--s 0009a000 08:02 1968203                    /usr/lib/jvm/java-8-openjdk-amd64/jre/lib/jsse.jar
7f18140a0000-7f18142a0000 rw-p 00000000 00:00 0 
7f18142a0000-7f18144a0000 rw-p 00000000 00:00 0 
7f18144a0000-7f18146a0000 rw-p 00000000 00:00 0 
7f18146a0000-7f18146a5000 r--s 00026000 08:02 1447629                    /usr/share/java/maven3-model-builder.jar
7f18146a5000-7f18146ac000 r--s 00054000 08:02 1447620                    /usr/share/java/sisu-inject.jar
7f18146ac000-7f18146ad000 r--s 00003000 08:02 1447610                    /usr/share/java/plexus-cipher.jar
7f18146ad000-7f18146b5000 r--s 00068000 08:02 1447109                    /usr/share/java/commons-lang3.jar
7f18146b5000-7f18146b7000 r--s 00003000 08:02 1447447                    /usr/share/java/jcl-over-slf4j.jar
7f18146b7000-7f18146e4000 r--s 001cb000 08:02 1447575                    /usr/share/java/wagon-http-shaded-2.x.jar
7f18146e4000-7f18146e6000 r--s 00008000 08:02 1447634                    /usr/share/java/maven3-settings-builder.jar
7f18146e6000-7f18146e8000 r--s 00001000 08:02 1447212                    /usr/share/java/aopalliance-1.0.jar
7f18146e8000-7f18146e9000 r--s 00001000 08:02 1447571                    /usr/share/java/wagon-file-2.x.jar
7f18146e9000-7f18146f6000 r--s 0008b000 08:02 1447627                    /usr/share/java/maven3-core.jar
7f18146f6000-7f18146fa000 r--s 0001f000 08:02 1447588                    /usr/share/java/maven-resolver-api.jar
7f18146fa000-7f18146fb000 r--s 00006000 08:02 1447632                    /usr/share/java/maven3-repository-metadata.jar
7f18146fb000-7f1814727000 r--s 00208000 08:02 1447185                    /usr/share/java/guava.jar
7f1814727000-7f1814729000 r--s 00008000 08:02 1447589                    /usr/share/java/maven-resolver-connector-basic.jar
7f1814729000-7f181472a000 r--s 00004000 08:02 1447636                    /usr/share/java/maven3-slf4j-provider.jar
7f181472a000-7f181472b000 r--s 00000000 08:02 1446993                    /usr/share/java/geronimo-interceptor-3.0-spec-1.0.1.jar
7f181472b000-7f181472d000 r--s 00012000 08:02 1447011                    /usr/share/java/el-api-3.0.jar
7f181472d000-7f181472e000 r--s 00000000 08:02 1446973                    /usr/share/java/atinject-jsr330-api-1.0.jar
7f181472e000-7f1814732000 r--s 0000d000 08:02 1447038                    /usr/share/java/cdi-api.jar
7f1814732000-7f1814734000 r--s 00006000 08:02 1447591                    /usr/share/java/maven-resolver-spi.jar
7f1814734000-7f1814742000 r--s 0009a000 08:02 1447227                    /usr/share/java/guice.jar
7f1814742000-7f1814745000 r--s 00015000 08:02 1447628                    /usr/share/java/maven3-embedder.jar
7f1814745000-7f1814747000 r--s 00000000 08:02 1447613                    /usr/share/java/plexus-component-annotations-1.5.jar
7f1814747000-7f181474d000 r--s 0002d000 08:02 1447622                    /usr/share/java/sisu-plexus.jar
7f181474d000-7f181474f000 r--s 0000a000 08:02 1447058                    /usr/share/java/commons-cli.jar
7f181474f000-7f1814753000 r--s 00028000 08:02 1447590                    /usr/share/java/maven-resolver-impl.jar
7f1814753000-7f1814758000 r--s 0002e000 08:02 1447102                    /usr/share/java/commons-io.jar
7f1814758000-7f181475e000 r--s 00042000 08:02 1447626                    /usr/share/java/maven3-compat.jar
7f181475e000-7f181475f000 r--s 00002000 08:02 1447625                    /usr/share/java/maven3-builder-support.jar
7f181475f000-7f1814763000 r--s 00022000 08:02 1447597                    /usr/share/java/maven-resolver-util.jar
7f1814763000-7f1814767000 r--s 0003b000 08:02 1447568                    /usr/share/java/plexus-utils2.jar
7f1814767000-7f1814769000 r--s 00005000 08:02 1447596                    /usr/share/java/maven-resolver-transport-wagon.jar
7f1814769000-7f181476b000 r--s 0000b000 08:02 1447577                    /usr/share/java/wagon-provider-api-2.x.jar
7f181476b000-7f181476d000 r--s 00006000 08:02 1447618                    /usr/share/java/plexus-sec-dispatcher.jar
7f181476d000-7f181476f000 r--s 0000e000 08:02 1447633                    /usr/share/java/maven3-resolver-provider.jar
7f181476f000-7f1814772000 r--s 00011000 08:02 1447616                    /usr/share/java/plexus-interpolation.jar
7f1814772000-7f1814774000 r--s 00007000 08:02 1447406                    /usr/share/java/jansi.jar
7f1814774000-7f1814776000 r--s 0000a000 08:02 1447631                    /usr/share/java/maven3-plugin-api.jar
7f1814776000-7f181477a000 r--s 00023000 08:02 1447608                    /usr/share/java/maven-shared-utils.jar
7f181477a000-7f181477b000 r--s 00000000 08:02 1446973                    /usr/share/java/atinject-jsr330-api-1.0.jar
7f181477b000-7f181477e000 r--s 0000a000 08:02 1447624                    /usr/share/java/maven3-artifact.jar
7f181477e000-7f1814799000 r--s 00394000 08:02 1967875                    /usr/lib/jvm/java-8-openjdk-amd64/jre/lib/ext/cldrdata.jar
7f1814799000-7f18147b4000 r--s 001d6000 08:02 1967880                    /usr/lib/jvm/java-8-openjdk-amd64/jre/lib/ext/nashorn.jar
7f18147b4000-7f18147b5000 ---p 00000000 00:00 0 
7f18147b5000-7f18148b5000 rw-p 00000000 00:00 0 
7f18148b5000-7f18148b8000 ---p 00000000 00:00 0 
7f18148b8000-7f18149b6000 rw-p 00000000 00:00 0 
7f18149b6000-7f18149b9000 ---p 00000000 00:00 0 
7f18149b9000-7f1814ab7000 rw-p 00000000 00:00 0 
7f1814ab7000-7f1814aba000 ---p 00000000 00:00 0 
7f1814aba000-7f1814bb8000 rw-p 00000000 00:00 0 
7f1814bb8000-7f1814bbb000 ---p 00000000 00:00 0 
7f1814bbb000-7f1814cb9000 rw-p 00000000 00:00 0 
7f1814cb9000-7f1814cbc000 ---p 00000000 00:00 0 
7f1814cbc000-7f1814dba000 rw-p 00000000 00:00 0 
7f1814dba000-7f18158fd000 r--p 00000000 08:02 1055420                    /usr/lib/locale/locale-archive
7f18158fd000-7f1815900000 ---p 00000000 00:00 0 
7f1815900000-7f18159fe000 rw-p 00000000 00:00 0 
7f18159fe000-7f1815a01000 ---p 00000000 00:00 0 
7f1815a01000-7f1815aff000 rw-p 00000000 00:00 0 
7f1815aff000-7f1815b00000 ---p 00000000 00:00 0 
7f1815b00000-7f1816b72000 rw-p 00000000 00:00 0 
7f1816b72000-7f1816d41000 r--s 03c21000 08:02 1968548                    /usr/lib/jvm/java-8-openjdk-amd64/jre/lib/rt.jar
7f1816d41000-7f1817990000 rw-p 00000000 00:00 0 
7f1817990000-7f1817991000 ---p 00000000 00:00 0 
7f1817991000-7f1817a91000 rw-p 00000000 00:00 0 
7f1817a91000-7f1817a92000 ---p 00000000 00:00 0 
7f1817a92000-7f1817b92000 rw-p 00000000 00:00 0 
7f1817b92000-7f1817b93000 ---p 00000000 00:00 0 
7f1817b93000-7f1817c93000 rw-p 00000000 00:00 0 
7f1817c93000-7f1817c94000 ---p 00000000 00:00 0 
7f1817c94000-7f1817dbe000 rw-p 00000000 00:00 0 
7f1817dbe000-7f1818025000 ---p 00000000 00:00 0 
7f1818025000-7f181804f000 rw-p 00000000 00:00 0 
7f181804f000-7f18182b5000 ---p 00000000 00:00 0 
7f18182b5000-7f1818300000 rw-p 00000000 00:00 0 
7f1818300000-7f18183fe000 ---p 00000000 00:00 0 
7f18183fe000-7f1818434000 rw-p 00000000 00:00 0 
7f1818434000-7f18187bf000 ---p 00000000 00:00 0 
7f18187bf000-7f18194cf000 rwxp 00000000 00:00 0 
7f18194cf000-7f18277bf000 ---p 00000000 00:00 0 
7f18277bf000-7f18277c7000 r-xp 00000000 08:02 1967745                    /usr/lib/jvm/java-8-openjdk-amd64/jre/lib/amd64/libzip.so
7f18277c7000-7f18279c6000 ---p 00008000 08:02 1967745                    /usr/lib/jvm/java-8-openjdk-amd64/jre/lib/amd64/libzip.so
7f18279c6000-7f18279c7000 r--p 00007000 08:02 1967745                    /usr/lib/jvm/java-8-openjdk-amd64/jre/lib/amd64/libzip.so
7f18279c7000-7f18279c8000 rw-p 00008000 08:02 1967745                    /usr/lib/jvm/java-8-openjdk-amd64/jre/lib/amd64/libzip.so
7f18279c8000-7f18279d3000 r-xp 00000000 08:02 4985379                    /lib/x86_64-linux-gnu/libnss_files-2.26.so
7f18279d3000-7f1827bd2000 ---p 0000b000 08:02 4985379                    /lib/x86_64-linux-gnu/libnss_files-2.26.so
7f1827bd2000-7f1827bd3000 r--p 0000a000 08:02 4985379                    /lib/x86_64-linux-gnu/libnss_files-2.26.so
7f1827bd3000-7f1827bd4000 rw-p 0000b000 08:02 4985379                    /lib/x86_64-linux-gnu/libnss_files-2.26.so
7f1827bd4000-7f1827bda000 rw-p 00000000 00:00 0 
7f1827bda000-7f1827be5000 r-xp 00000000 08:02 4985390                    /lib/x86_64-linux-gnu/libnss_nis-2.26.so
7f1827be5000-7f1827de4000 ---p 0000b000 08:02 4985390                    /lib/x86_64-linux-gnu/libnss_nis-2.26.so
7f1827de4000-7f1827de5000 r--p 0000a000 08:02 4985390                    /lib/x86_64-linux-gnu/libnss_nis-2.26.so
7f1827de5000-7f1827de6000 rw-p 0000b000 08:02 4985390                    /lib/x86_64-linux-gnu/libnss_nis-2.26.so
7f1827de6000-7f1827dfd000 r-xp 00000000 08:02 4985373                    /lib/x86_64-linux-gnu/libnsl-2.26.so
7f1827dfd000-7f1827ffc000 ---p 00017000 08:02 4985373                    /lib/x86_64-linux-gnu/libnsl-2.26.so
7f1827ffc000-7f1827ffd000 r--p 00016000 08:02 4985373                    /lib/x86_64-linux-gnu/libnsl-2.26.so
7f1827ffd000-7f1827ffe000 rw-p 00017000 08:02 4985373                    /lib/x86_64-linux-gnu/libnsl-2.26.so
7f1827ffe000-7f1828000000 rw-p 00000000 00:00 0 
7f1828000000-7f1828ef2000 rw-p 00000000 00:00 0 
7f1828ef2000-7f182c000000 ---p 00000000 00:00 0 
7f182c000000-7f182c001000 r--s 00009000 08:02 1447450                    /usr/share/java/slf4j-api.jar
7f182c001000-7f182c004000 r--s 00027000 08:02 1447630                    /usr/share/java/maven3-model.jar
7f182c004000-7f182c073000 rw-p 00000000 00:00 0 
7f182c073000-7f182c07b000 r-xp 00000000 08:02 4985375                    /lib/x86_64-linux-gnu/libnss_compat-2.26.so
7f182c07b000-7f182c27a000 ---p 00008000 08:02 4985375                    /lib/x86_64-linux-gnu/libnss_compat-2.26.so
7f182c27a000-7f182c27b000 r--p 00007000 08:02 4985375                    /lib/x86_64-linux-gnu/libnss_compat-2.26.so
7f182c27b000-7f182c27c000 rw-p 00008000 08:02 4985375                    /lib/x86_64-linux-gnu/libnss_compat-2.26.so
7f182c27c000-7f182c2a9000 r-xp 00000000 08:02 1967634                    /usr/lib/jvm/java-8-openjdk-amd64/jre/lib/amd64/libjava.so
7f182c2a9000-7f182c4a9000 ---p 0002d000 08:02 1967634                    /usr/lib/jvm/java-8-openjdk-amd64/jre/lib/amd64/libjava.so
7f182c4a9000-7f182c4aa000 r--p 0002d000 08:02 1967634                    /usr/lib/jvm/java-8-openjdk-amd64/jre/lib/amd64/libjava.so
7f182c4aa000-7f182c4ac000 rw-p 0002e000 08:02 1967634                    /usr/lib/jvm/java-8-openjdk-amd64/jre/lib/amd64/libjava.so
7f182c4ac000-7f182c4bc000 r-xp 00000000 08:02 1967744                    /usr/lib/jvm/java-8-openjdk-amd64/jre/lib/amd64/libverify.so
7f182c4bc000-7f182c6bb000 ---p 00010000 08:02 1967744                    /usr/lib/jvm/java-8-openjdk-amd64/jre/lib/amd64/libverify.so
7f182c6bb000-7f182c6bd000 r--p 0000f000 08:02 1967744                    /usr/lib/jvm/java-8-openjdk-amd64/jre/lib/amd64/libverify.so
7f182c6bd000-7f182c6be000 rw-p 00011000 08:02 1967744                    /usr/lib/jvm/java-8-openjdk-amd64/jre/lib/amd64/libverify.so
7f182c6be000-7f182c6c5000 r-xp 00000000 08:02 4985433                    /lib/x86_64-linux-gnu/librt-2.26.so
7f182c6c5000-7f182c8c4000 ---p 00007000 08:02 4985433                    /lib/x86_64-linux-gnu/librt-2.26.so
7f182c8c4000-7f182c8c5000 r--p 00006000 08:02 4985433                    /lib/x86_64-linux-gnu/librt-2.26.so
7f182c8c5000-7f182c8c6000 rw-p 00007000 08:02 4985433                    /lib/x86_64-linux-gnu/librt-2.26.so
7f182c8c6000-7f182c8dc000 r-xp 00000000 08:02 4985324                    /lib/x86_64-linux-gnu/libgcc_s.so.1
7f182c8dc000-7f182cadb000 ---p 00016000 08:02 4985324                    /lib/x86_64-linux-gnu/libgcc_s.so.1
7f182cadb000-7f182cadc000 r--p 00015000 08:02 4985324                    /lib/x86_64-linux-gnu/libgcc_s.so.1
7f182cadc000-7f182cadd000 rw-p 00016000 08:02 4985324                    /lib/x86_64-linux-gnu/libgcc_s.so.1
7f182cadd000-7f182cc32000 r-xp 00000000 08:02 4985352                    /lib/x86_64-linux-gnu/libm-2.26.so
7f182cc32000-7f182ce31000 ---p 00155000 08:02 4985352                    /lib/x86_64-linux-gnu/libm-2.26.so
7f182ce31000-7f182ce32000 r--p 00154000 08:02 4985352                    /lib/x86_64-linux-gnu/libm-2.26.so
7f182ce32000-7f182ce33000 rw-p 00155000 08:02 4985352                    /lib/x86_64-linux-gnu/libm-2.26.so
7f182ce33000-7f182cfab000 r-xp 00000000 08:02 1057550                    /usr/lib/x86_64-linux-gnu/libstdc++.so.6.0.24
7f182cfab000-7f182d1aa000 ---p 00178000 08:02 1057550                    /usr/lib/x86_64-linux-gnu/libstdc++.so.6.0.24
7f182d1aa000-7f182d1b4000 r--p 00177000 08:02 1057550                    /usr/lib/x86_64-linux-gnu/libstdc++.so.6.0.24
7f182d1b4000-7f182d1b6000 rw-p 00181000 08:02 1057550                    /usr/lib/x86_64-linux-gnu/libstdc++.so.6.0.24
7f182d1b6000-7f182d1b9000 rw-p 00000000 00:00 0 
7f182d1b9000-7f182de43000 r-xp 00000000 08:02 1967778                    /usr/lib/jvm/java-8-openjdk-amd64/jre/lib/amd64/server/libjvm.so
7f182de43000-7f182e043000 ---p 00c8a000 08:02 1967778                    /usr/lib/jvm/java-8-openjdk-amd64/jre/lib/amd64/server/libjvm.so
7f182e043000-7f182e0d6000 r--p 00c8a000 08:02 1967778                    /usr/lib/jvm/java-8-openjdk-amd64/jre/lib/amd64/server/libjvm.so
7f182e0d6000-7f182e0fe000 rw-p 00d1d000 08:02 1967778                    /usr/lib/jvm/java-8-openjdk-amd64/jre/lib/amd64/server/libjvm.so
7f182e0fe000-7f182e12f000 rw-p 00000000 00:00 0 
7f182e12f000-7f182e149000 r-xp 00000000 08:02 4985425                    /lib/x86_64-linux-gnu/libpthread-2.26.so
7f182e149000-7f182e348000 ---p 0001a000 08:02 4985425                    /lib/x86_64-linux-gnu/libpthread-2.26.so
7f182e348000-7f182e349000 r--p 00019000 08:02 4985425                    /lib/x86_64-linux-gnu/libpthread-2.26.so
7f182e349000-7f182e34a000 rw-p 0001a000 08:02 4985425                    /lib/x86_64-linux-gnu/libpthread-2.26.so
7f182e34a000-7f182e34e000 rw-p 00000000 00:00 0 
7f182e34e000-7f182e351000 r-xp 00000000 08:02 4985310                    /lib/x86_64-linux-gnu/libdl-2.26.so
7f182e351000-7f182e550000 ---p 00003000 08:02 4985310                    /lib/x86_64-linux-gnu/libdl-2.26.so
7f182e550000-7f182e551000 r--p 00002000 08:02 4985310                    /lib/x86_64-linux-gnu/libdl-2.26.so
7f182e551000-7f182e552000 rw-p 00003000 08:02 4985310                    /lib/x86_64-linux-gnu/libdl-2.26.so
7f182e552000-7f182e56e000 r-xp 00000000 08:02 4985465                    /lib/x86_64-linux-gnu/libz.so.1.2.11
7f182e56e000-7f182e76d000 ---p 0001c000 08:02 4985465                    /lib/x86_64-linux-gnu/libz.so.1.2.11
7f182e76d000-7f182e76e000 r--p 0001b000 08:02 4985465                    /lib/x86_64-linux-gnu/libz.so.1.2.11
7f182e76e000-7f182e76f000 rw-p 0001c000 08:02 4985465                    /lib/x86_64-linux-gnu/libz.so.1.2.11
7f182e76f000-7f182e945000 r-xp 00000000 08:02 4985286                    /lib/x86_64-linux-gnu/libc-2.26.so
7f182e945000-7f182eb45000 ---p 001d6000 08:02 4985286                    /lib/x86_64-linux-gnu/libc-2.26.so
7f182eb45000-7f182eb49000 r--p 001d6000 08:02 4985286                    /lib/x86_64-linux-gnu/libc-2.26.so
7f182eb49000-7f182eb4b000 rw-p 001da000 08:02 4985286                    /lib/x86_64-linux-gnu/libc-2.26.so
7f182eb4b000-7f182eb4f000 rw-p 00000000 00:00 0 
7f182eb4f000-7f182eb5d000 r-xp 00000000 08:02 1967620                    /usr/lib/jvm/java-8-openjdk-amd64/jre/lib/amd64/jli/libjli.so
7f182eb5d000-7f182ed5c000 ---p 0000e000 08:02 1967620                    /usr/lib/jvm/java-8-openjdk-amd64/jre/lib/amd64/jli/libjli.so
7f182ed5c000-7f182ed5d000 r--p 0000d000 08:02 1967620                    /usr/lib/jvm/java-8-openjdk-amd64/jre/lib/amd64/jli/libjli.so
7f182ed5d000-7f182ed5e000 rw-p 0000e000 08:02 1967620                    /usr/lib/jvm/java-8-openjdk-amd64/jre/lib/amd64/jli/libjli.so
7f182ed5e000-7f182ed85000 r-xp 00000000 08:02 4985258                    /lib/x86_64-linux-gnu/ld-2.26.so
7f182ed85000-7f182ed87000 r--s 0000b000 08:02 1447546                    /usr/share/java/plexus-classworlds.jar
7f182ed87000-7f182ed8b000 r--s 00037000 08:02 1967949                    /usr/lib/jvm/java-8-openjdk-amd64/jre/lib/ext/sunpkcs11.jar
7f182ed8b000-7f182ed95000 r--s 00116000 08:02 1967879                    /usr/lib/jvm/java-8-openjdk-amd64/jre/lib/ext/localedata.jar
7f182ed95000-7f182ed97000 r--s 00007000 08:02 1446810                    /usr/share/java/java-atk-wrapper.jar
7f182ed97000-7f182ee62000 rw-p 00000000 00:00 0 
7f182ee62000-7f182ee65000 ---p 00000000 00:00 0 
7f182ee65000-7f182ef68000 rw-p 00000000 00:00 0 
7f182ef68000-7f182ef69000 r--s 0000a000 08:02 1447635                    /usr/share/java/maven3-settings.jar
7f182ef69000-7f182ef6f000 r--s 0003a000 08:02 1967882                    /usr/lib/jvm/java-8-openjdk-amd64/jre/lib/ext/sunjce_provider.jar
7f182ef6f000-7f182ef71000 r--s 00008000 08:02 1967881                    /usr/lib/jvm/java-8-openjdk-amd64/jre/lib/ext/sunec.jar
7f182ef71000-7f182ef73000 r--s 00001000 08:02 1967876                    /usr/lib/jvm/java-8-openjdk-amd64/jre/lib/ext/dnsns.jar
7f182ef73000-7f182ef74000 r--s 0000a000 08:02 1967878                    /usr/lib/jvm/java-8-openjdk-amd64/jre/lib/ext/jaccess.jar
7f182ef74000-7f182ef77000 r--s 0000f000 08:02 1967877                    /usr/lib/jvm/java-8-openjdk-amd64/jre/lib/ext/icedtea-sound.jar
7f182ef77000-7f182ef78000 r--s 00010000 08:02 1967950                    /usr/lib/jvm/java-8-openjdk-amd64/jre/lib/ext/zipfs.jar
7f182ef78000-7f182ef80000 rw-s 00000000 08:02 11278645                   /tmp/hsperfdata_sv/23256
7f182ef80000-7f182ef81000 rw-p 00000000 00:00 0 
7f182ef81000-7f182ef82000 ---p 00000000 00:00 0 
7f182ef82000-7f182ef85000 rw-p 00000000 00:00 0 
7f182ef85000-7f182ef86000 r--p 00027000 08:02 4985258                    /lib/x86_64-linux-gnu/ld-2.26.so
7f182ef86000-7f182ef87000 rw-p 00028000 08:02 4985258                    /lib/x86_64-linux-gnu/ld-2.26.so
7f182ef87000-7f182ef88000 rw-p 00000000 00:00 0 
7fff356f7000-7fff35718000 rw-p 00000000 00:00 0                          [stack]
7fff3576b000-7fff3576e000 r--p 00000000 00:00 0                          [vvar]
7fff3576e000-7fff35770000 r-xp 00000000 00:00 0                          [vdso]
ffffffffff600000-ffffffffff601000 r-xp 00000000 00:00 0                  [vsyscall]

VM Arguments:
jvm_args: -Dclassworlds.conf=/usr/share/maven/bin/m2.conf -Dmaven.home=/usr/share/maven -Dmaven.multiModuleProjectDirectory=/home/sv/android_projects/bitcoinj 
java_command: org.codehaus.plexus.classworlds.launcher.Launcher clean package
java_class_path (initial): /usr/share/maven/boot/plexus-classworlds-2.x.jar
Launcher Type: SUN_STANDARD

Environment Variables:
PATH=/usr/local/sbin:/usr/local/bin:/usr/sbin:/usr/bin:/sbin:/bin:/usr/games:/usr/local/games:/snap/bin
USERNAME=sv
LD_LIBRARY_PATH=/opt/google/chrome:/opt/google/chrome/lib
SHELL=/bin/bash
DISPLAY=:0

Signal Handlers:
SIGSEGV: [libjvm.so+0xaa6ae0], sa_mask[0]=11111111011111111101111111111110, sa_flags=SA_RESTART|SA_SIGINFO
SIGBUS: [libjvm.so+0xaa6ae0], sa_mask[0]=11111111011111111101111111111110, sa_flags=SA_RESTART|SA_SIGINFO
SIGFPE: [libjvm.so+0x8ddf00], sa_mask[0]=11111111011111111101111111111110, sa_flags=SA_RESTART|SA_SIGINFO
SIGPIPE: [libjvm.so+0x8ddf00], sa_mask[0]=11111111011111111101111111111110, sa_flags=SA_RESTART|SA_SIGINFO
SIGXFSZ: [libjvm.so+0x8ddf00], sa_mask[0]=11111111011111111101111111111110, sa_flags=SA_RESTART|SA_SIGINFO
SIGILL: [libjvm.so+0x8ddf00], sa_mask[0]=11111111011111111101111111111110, sa_flags=SA_RESTART|SA_SIGINFO
SIGUSR1: SIG_DFL, sa_mask[0]=00000000000000000000000000000000, sa_flags=none
SIGUSR2: [libjvm.so+0x8dddb0], sa_mask[0]=00000000000000000000000000000000, sa_flags=SA_RESTART|SA_SIGINFO
SIGHUP: [libjvm.so+0x8de260], sa_mask[0]=11111111011111111101111111111110, sa_flags=SA_RESTART|SA_SIGINFO
SIGINT: [libjvm.so+0x8de260], sa_mask[0]=11111111011111111101111111111110, sa_flags=SA_RESTART|SA_SIGINFO
SIGTERM: [libjvm.so+0x8de260], sa_mask[0]=11111111011111111101111111111110, sa_flags=SA_RESTART|SA_SIGINFO
SIGQUIT: [libjvm.so+0x8de260], sa_mask[0]=11111111011111111101111111111110, sa_flags=SA_RESTART|SA_SIGINFO


---------------  S Y S T E M  ---------------

OS:DISTRIB_ID=Ubuntu
DISTRIB_RELEASE=17.10
DISTRIB_CODENAME=artful
DISTRIB_DESCRIPTION="Ubuntu 17.10"

uname:Linux 4.13.0-25-generic #29-Ubuntu SMP Mon Jan 8 21:14:41 UTC 2018 x86_64
libc:glibc 2.26 NPTL 2.26 
rlimit: STACK 8192k, CORE 0k, NPROC 30406, NOFILE 4096, AS infinity
load average:2,86 2,66 2,46

/proc/meminfo:
MemTotal:        8062060 kB
MemFree:          119612 kB
MemAvailable:      19904 kB
Buffers:            1092 kB
Cached:           600472 kB
SwapCached:         7548 kB
Active:          5147256 kB
Inactive:         745944 kB
Active(anon):    5138276 kB
Inactive(anon):   734080 kB
Active(file):       8980 kB
Inactive(file):    11864 kB
Unevictable:        1968 kB
Mlocked:            1968 kB
SwapTotal:       2097148 kB
SwapFree:              0 kB
Dirty:               120 kB
Writeback:             0 kB
AnonPages:       5286628 kB
Mapped:          2070936 kB
Shmem:            580644 kB
Slab:             150764 kB
SReclaimable:      55668 kB
SUnreclaim:        95096 kB
KernelStack:       33744 kB
PageTables:        96472 kB
NFS_Unstable:          0 kB
Bounce:                0 kB
WritebackTmp:          0 kB
CommitLimit:     6128176 kB
Committed_AS:   26820908 kB
VmallocTotal:   34359738367 kB
VmallocUsed:           0 kB
VmallocChunk:          0 kB
HardwareCorrupted:     0 kB
AnonHugePages:         0 kB
ShmemHugePages:        0 kB
ShmemPmdMapped:        0 kB
CmaTotal:              0 kB
CmaFree:               0 kB
HugePages_Total:       0
HugePages_Free:        0
HugePages_Rsvd:        0
HugePages_Surp:        0
Hugepagesize:       2048 kB
DirectMap4k:      644932 kB
DirectMap2M:     7639040 kB
DirectMap1G:     1048576 kB


CPU:total 4 (initial active 4) (2 cores per cpu, 2 threads per core) family 6 model 78 stepping 3, cmov, cx8, fxsr, mmx, sse, sse2, sse3, ssse3, sse4.1, sse4.2, popcnt, avx, avx2, aes, clmul, erms, rtm, 3dnowpref, lzcnt, ht, tsc, tscinvbit, bmi1, bmi2, adx

/proc/cpuinfo:
processor	: 0
vendor_id	: GenuineIntel
cpu family	: 6
model		: 78
model name	: Intel(R) Core(TM) i3-6100U CPU @ 2.30GHz
stepping	: 3
microcode	: 0xc2
cpu MHz		: 2300.000
cache size	: 3072 KB
physical id	: 0
siblings	: 4
core id		: 0
cpu cores	: 2
apicid		: 0
initial apicid	: 0
fpu		: yes
fpu_exception	: yes
cpuid level	: 22
wp		: yes
flags		: fpu vme de pse tsc msr pae mce cx8 apic sep mtrr pge mca cmov pat pse36 clflush dts acpi mmx fxsr sse sse2 ss ht tm pbe syscall nx pdpe1gb rdtscp lm constant_tsc art arch_perfmon pebs bts rep_good nopl xtopology nonstop_tsc cpuid aperfmperf tsc_known_freq pni pclmulqdq dtes64 monitor ds_cpl vmx est tm2 ssse3 sdbg fma cx16 xtpr pdcm pcid sse4_1 sse4_2 x2apic movbe popcnt tsc_deadline_timer aes xsave avx f16c rdrand lahf_lm abm 3dnowprefetch cpuid_fault epb invpcid_single pti intel_pt tpr_shadow vnmi flexpriority ept vpid fsgsbase tsc_adjust bmi1 hle avx2 smep bmi2 erms invpcid rtm mpx rdseed adx smap clflushopt xsaveopt xsavec xgetbv1 xsaves dtherm arat pln pts hwp hwp_notify hwp_act_window hwp_epp
bugs		: cpu_insecure
bogomips	: 4608.00
clflush size	: 64
cache_alignment	: 64
address sizes	: 39 bits physical, 48 bits virtual
power management:

processor	: 1
vendor_id	: GenuineIntel
cpu family	: 6
model		: 78
model name	: Intel(R) Core(TM) i3-6100U CPU @ 2.30GHz
stepping	: 3
microcode	: 0xc2
cpu MHz		: 2300.000
cache size	: 3072 KB
physical id	: 0
siblings	: 4
core id		: 1
cpu cores	: 2
apicid		: 2
initial apicid	: 2
fpu		: yes
fpu_exception	: yes
cpuid level	: 22
wp		: yes
flags		: fpu vme de pse tsc msr pae mce cx8 apic sep mtrr pge mca cmov pat pse36 clflush dts acpi mmx fxsr sse sse2 ss ht tm pbe syscall nx pdpe1gb rdtscp lm constant_tsc art arch_perfmon pebs bts rep_good nopl xtopology nonstop_tsc cpuid aperfmperf tsc_known_freq pni pclmulqdq dtes64 monitor ds_cpl vmx est tm2 ssse3 sdbg fma cx16 xtpr pdcm pcid sse4_1 sse4_2 x2apic movbe popcnt tsc_deadline_timer aes xsave avx f16c rdrand lahf_lm abm 3dnowprefetch cpuid_fault epb invpcid_single pti intel_pt tpr_shadow vnmi flexpriority ept vpid fsgsbase tsc_adjust bmi1 hle avx2 smep bmi2 erms invpcid rtm mpx rdseed adx smap clflushopt xsaveopt xsavec xgetbv1 xsaves dtherm arat pln pts hwp hwp_notify hwp_act_window hwp_epp
bugs		: cpu_insecure
bogomips	: 4608.00
clflush size	: 64
cache_alignment	: 64
address sizes	: 39 bits physical, 48 bits virtual
power management:

processor	: 2
vendor_id	: GenuineIntel
cpu family	: 6
model		: 78
model name	: Intel(R) Core(TM) i3-6100U CPU @ 2.30GHz
stepping	: 3
microcode	: 0xc2
cpu MHz		: 2300.000
cache size	: 3072 KB
physical id	: 0
siblings	: 4
core id		: 0
cpu cores	: 2
apicid		: 1
initial apicid	: 1
fpu		: yes
fpu_exception	: yes
cpuid level	: 22
wp		: yes
flags		: fpu vme de pse tsc msr pae mce cx8 apic sep mtrr pge mca cmov pat pse36 clflush dts acpi mmx fxsr sse sse2 ss ht tm pbe syscall nx pdpe1gb rdtscp lm constant_tsc art arch_perfmon pebs bts rep_good nopl xtopology nonstop_tsc cpuid aperfmperf tsc_known_freq pni pclmulqdq dtes64 monitor ds_cpl vmx est tm2 ssse3 sdbg fma cx16 xtpr pdcm pcid sse4_1 sse4_2 x2apic movbe popcnt tsc_deadline_timer aes xsave avx f16c rdrand lahf_lm abm 3dnowprefetch cpuid_fault epb invpcid_single pti intel_pt tpr_shadow vnmi flexpriority ept vpid fsgsbase tsc_adjust bmi1 hle avx2 smep bmi2 erms invpcid rtm mpx rdseed adx smap clflushopt xsaveopt xsavec xgetbv1 xsaves dtherm arat pln pts hwp hwp_notify hwp_act_window hwp_epp
bugs		: cpu_insecure
bogomips	: 4608.00
clflush size	: 64
cache_alignment	: 64
address sizes	: 39 bits physical, 48 bits virtual
power management:

processor	: 3
vendor_id	: GenuineIntel
cpu family	: 6
model		: 78
model name	: Intel(R) Core(TM) i3-6100U CPU @ 2.30GHz
stepping	: 3
microcode	: 0xc2
cpu MHz		: 2300.000
cache size	: 3072 KB
physical id	: 0
siblings	: 4
core id		: 1
cpu cores	: 2
apicid		: 3
initial apicid	: 3
fpu		: yes
fpu_exception	: yes
cpuid level	: 22
wp		: yes
flags		: fpu vme de pse tsc msr pae mce cx8 apic sep mtrr pge mca cmov pat pse36 clflush dts acpi mmx fxsr sse sse2 ss ht tm pbe syscall nx pdpe1gb rdtscp lm constant_tsc art arch_perfmon pebs bts rep_good nopl xtopology nonstop_tsc cpuid aperfmperf tsc_known_freq pni pclmulqdq dtes64 monitor ds_cpl vmx est tm2 ssse3 sdbg fma cx16 xtpr pdcm pcid sse4_1 sse4_2 x2apic movbe popcnt tsc_deadline_timer aes xsave avx f16c rdrand lahf_lm abm 3dnowprefetch cpuid_fault epb invpcid_single pti intel_pt tpr_shadow vnmi flexpriority ept vpid fsgsbase tsc_adjust bmi1 hle avx2 smep bmi2 erms invpcid rtm mpx rdseed adx smap clflushopt xsaveopt xsavec xgetbv1 xsaves dtherm arat pln pts hwp hwp_notify hwp_act_window hwp_epp
bugs		: cpu_insecure
bogomips	: 4608.00
clflush size	: 64
cache_alignment	: 64
address sizes	: 39 bits physical, 48 bits virtual
power management:



Memory: 4k page, physical 8062060k(119364k free), swap 2097148k(0k free)

vm_info: OpenJDK 64-Bit Server VM (25.151-b12) for linux-amd64 JRE (1.8.0_151-8u151-b12-0ubuntu0.17.10.2-b12), built on Oct 23 2017 22:43:02 by "buildd" with gcc 7.2.0

time: Tue Jan 16 19:07:08 2018
elapsed time: 6 seconds (0d 0h 0m 6s)

